{"D:\\Essentials\\Computer Language Folders\\ImpactRun\\math.js": {"path":"D:\\Essentials\\Computer Language Folders\\ImpactRun\\math.js","statementMap":{"0":{"start":{"line":1,"column":19},"end":{"line":1,"column":30}},"1":{"start":{"line":3,"column":18},"end":{"line":3,"column":29}},"2":{"start":{"line":5,"column":18},"end":{"line":5,"column":29}},"3":{"start":{"line":7,"column":0},"end":{"line":7,"column":31}}},"fnMap":{"0":{"name":"add","decl":{"start":{"line":1,"column":9},"end":{"line":1,"column":12}},"loc":{"start":{"line":1,"column":17},"end":{"line":1,"column":31}},"line":1},"1":{"name":"sub","decl":{"start":{"line":3,"column":9},"end":{"line":3,"column":12}},"loc":{"start":{"line":3,"column":17},"end":{"line":3,"column":30}},"line":3},"2":{"name":"mul","decl":{"start":{"line":5,"column":9},"end":{"line":5,"column":12}},"loc":{"start":{"line":5,"column":17},"end":{"line":5,"column":30}},"line":5}},"branchMap":{},"s":{"0":2,"1":2,"2":1,"3":2},"f":{"0":2,"1":2,"2":1},"b":{},"_coverageSchema":"1a1c01bbd47fc00a2c39e90264f33305004495a9","hash":"e9959441a2a929460b5c6e1ed5e017df28fd8460"}
}
